Fitter Finalize Stage Report for blinky_led
Tue Jan  6 15:04:25 2026
Quartus Prime Version 25.3.0 Build 109 09/24/2025 SC Pro Edition


---------------------
; Table of Contents ;
---------------------
  1. Legal Notice
  2. Routing Usage Summary
  3. Finalize Messages



----------------
; Legal Notice ;
----------------
Copyright (C) 2025  Altera Corporation. All rights reserved.
Your use of Altera Corporation's design tools, logic functions 
and other software and tools, and any partner logic 
functions, and any output files from any of the foregoing 
(including device programming or simulation files), and any 
associated documentation or information are expressly subject 
to the terms and conditions of the Altera Program License 
Subscription Agreement, the Altera Quartus Prime License Agreement,
the Altera IP License Agreement, or other applicable license
agreement, including, without limitation, that your use is for
the sole purpose of programming logic devices manufactured by
Altera and sold by Altera or its authorized distributors.  Please
refer to the Altera Software License Subscription Agreements 
on the Quartus Prime software download page.



+---------------------------------------------------------+
; Routing Usage Summary                                   ;
+-----------------------------+---------------------------+
; Routing Resource Type       ; Usage                     ;
+-----------------------------+---------------------------+
; Block Input Mux Wrapbacks   ; 1 / 964,320 ( < 1 % )     ;
; Block Input Muxes           ; 84 / 10,561,600 ( < 1 % ) ;
; Block interconnects         ; 68 / 12,385,280 ( < 1 % ) ;
; C1 interconnects            ; 9 / 5,173,760 ( < 1 % )   ;
; C4 interconnects            ; 81 / 4,933,120 ( < 1 % )  ;
; C8 interconnects            ; 0 / 493,312 ( 0 % )       ;
; DCM_muxes                   ; 1 / 1,152 ( < 1 % )       ;
; DELAY_CHAINs                ; 0 / 32,048 ( 0 % )        ;
; Direct links                ; 33 / 12,385,280 ( < 1 % ) ;
; HIO Buffers                 ; 0 / 73,472 ( 0 % )        ;
; Programmable Invert Buffers ; 0 / 560 ( 0 % )           ;
; Programmable Invert Inputs  ; 4 / 932,160 ( < 1 % )     ;
; Programmable Inverts        ; 4 / 932,160 ( < 1 % )     ;
; R0 interconnects            ; 21 / 8,632,960 ( < 1 % )  ;
; R1 interconnects            ; 25 / 4,933,120 ( < 1 % )  ;
; R12 interconnects           ; 0 / 739,968 ( 0 % )       ;
; R2 interconnects            ; 1 / 2,473,120 ( < 1 % )   ;
; R4 interconnects            ; 1 / 2,486,240 ( < 1 % )   ;
; R6 interconnects            ; 11 / 2,492,800 ( < 1 % )  ;
; Redundancy Muxes            ; 0 / 145,648 ( 0 % )       ;
; Row Clock Tap-Offs          ; 3 / 739,968 ( < 1 % )     ;
; Switchbox_clock_muxes       ; 14 / 23,040 ( < 1 % )     ;
; VIO Buffers                 ; 1 / 22,400 ( < 1 % )      ;
; Vertical_seam_tap_muxes     ; 14 / 12,288 ( < 1 % )     ;
+-----------------------------+---------------------------+


+-------------------+
; Finalize Messages ;
+-------------------+
Info (20030): Parallel compilation is enabled and will use 12 of the 12 processors detected
Info: *******************************************************************
Info: Running Quartus Prime Fitter
    Info: Version 25.3.0 Build 109 09/24/2025 SC Pro Edition
    Info: Processing started: Tue Jan  6 14:54:02 2026
    Info: System process ID: 34884
Info: Command: quartus_fit --read_settings_files=on --write_settings_files=off blinky_led -c blinky_led
Info: qfit2_default_script.tcl version: #1
Info: Project  = blinky_led
Info: Revision = blinky_led
Info (21077): Low junction temperature is 0 degrees C
Info (21077): High junction temperature is 100 degrees C
Info (18258): Fitter Physical Synthesis operations beginning
Info (18259): Fitter Physical Synthesis operations ending: elapsed time is 00:00:02
Info (16557): Fitter post-fit operations ending: elapsed time is 00:01:49


