Fitter Route Stage Report for blinky_led
Tue Jan  6 22:47:01 2026
Quartus Prime Version 25.3.0 Build 109 09/24/2025 SC Pro Edition


---------------------
; Table of Contents ;
---------------------
  1. Legal Notice
  2. Delay Chain Summary
  3. Routing Usage Summary
  4. Route Messages
  5. Global Router Wire Utilization Map
  6. Peak Wire Demand Summary
  7. Peak Wire Demand Details
  8. Peak Total Grid Crossings
  9. Global Router Congestion Hotspot Summary



----------------
; Legal Notice ;
----------------
Copyright (C) 2025  Altera Corporation. All rights reserved.
Your use of Altera Corporation's design tools, logic functions 
and other software and tools, and any partner logic 
functions, and any output files from any of the foregoing 
(including device programming or simulation files), and any 
associated documentation or information are expressly subject 
to the terms and conditions of the Altera Program License 
Subscription Agreement, the Altera Quartus Prime License Agreement,
the Altera IP License Agreement, or other applicable license
agreement, including, without limitation, that your use is for
the sole purpose of programming logic devices manufactured by
Altera and sold by Altera or its authorized distributors.  Please
refer to the Altera Software License Subscription Agreements 
on the Quartus Prime software download page.



+----------------------------------------------------------------------------------------------------------------------------------------------------------+
; Delay Chain Summary                                                                                                                                      ;
+---------+----------+---------------------+--------------------+----------------+-----------------------------------+-------------------------------------+
; Name    ; Pin Type ; Input Delay Chain 0 ; Output Delay Chain ; OE Delay Chain ; IO_12_LANE Input Data Delay Chain ; IO_12_LANE Input Strobe Delay Chain ;
+---------+----------+---------------------+--------------------+----------------+-----------------------------------+-------------------------------------+
; led_out ; Output   ; --                  ; 0                  ; --             ; --                                ; --                                  ;
; clk     ; Input    ; 0                   ; --                 ; --             ; --                                ; --                                  ;
; rst     ; Input    ; 0                   ; --                 ; --             ; --                                ; --                                  ;
; clk(n)  ; Input    ; 0                   ; --                 ; --             ; --                                ; --                                  ;
+---------+----------+---------------------+--------------------+----------------+-----------------------------------+-------------------------------------+


+---------------------------------------------------------+
; Routing Usage Summary                                   ;
+-----------------------------+---------------------------+
; Routing Resource Type       ; Usage                     ;
+-----------------------------+---------------------------+
; Block Input Mux Wrapbacks   ; 0 / 964,320 ( 0 % )       ;
; Block Input Muxes           ; 83 / 10,561,600 ( < 1 % ) ;
; Block interconnects         ; 71 / 12,385,280 ( < 1 % ) ;
; C1 interconnects            ; 28 / 5,173,760 ( < 1 % )  ;
; C4 interconnects            ; 81 / 4,933,120 ( < 1 % )  ;
; C8 interconnects            ; 0 / 493,312 ( 0 % )       ;
; DCM_muxes                   ; 1 / 1,152 ( < 1 % )       ;
; DELAY_CHAINs                ; 0 / 32,048 ( 0 % )        ;
; Direct links                ; 35 / 12,385,280 ( < 1 % ) ;
; HIO Buffers                 ; 0 / 73,472 ( 0 % )        ;
; Programmable Invert Buffers ; 0 / 560 ( 0 % )           ;
; Programmable Invert Inputs  ; 4 / 932,160 ( < 1 % )     ;
; Programmable Inverts        ; 4 / 932,160 ( < 1 % )     ;
; R0 interconnects            ; 32 / 8,632,960 ( < 1 % )  ;
; R1 interconnects            ; 16 / 4,933,120 ( < 1 % )  ;
; R12 interconnects           ; 0 / 739,968 ( 0 % )       ;
; R2 interconnects            ; 1 / 2,473,120 ( < 1 % )   ;
; R4 interconnects            ; 0 / 2,486,240 ( 0 % )     ;
; R6 interconnects            ; 12 / 2,492,800 ( < 1 % )  ;
; Redundancy Muxes            ; 0 / 145,648 ( 0 % )       ;
; Row Clock Tap-Offs          ; 3 / 739,968 ( < 1 % )     ;
; Switchbox_clock_muxes       ; 18 / 23,040 ( < 1 % )     ;
; VIO Buffers                 ; 1 / 22,400 ( < 1 % )      ;
; Vertical_seam_tap_muxes     ; 16 / 12,288 ( < 1 % )     ;
+-----------------------------+---------------------------+


+----------------+
; Route Messages ;
+----------------+
Info (20030): Parallel compilation is enabled and will use 12 of the 12 processors detected
Info: *******************************************************************
Info: Running Quartus Prime Fitter
    Info: Version 25.3.0 Build 109 09/24/2025 SC Pro Edition
    Info: Processing started: Tue Jan  6 22:37:31 2026
    Info: System process ID: 32680
Info: Command: quartus_fit --read_settings_files=on --write_settings_files=off blinky_led -c blinky_led
Info: qfit2_default_script.tcl version: #1
Info: Project  = blinky_led
Info: Revision = blinky_led
Info (22300): Design uses Placement Effort Multiplier = 1.0.
Info (170193): Fitter routing operations beginning
Info (20215): Router estimated peak short interconnect demand : 0% of right directional wire in region X0_Y0 to X11_Y7
    Info (20265): Estimated peak short right directional wire demand : 0% in region X0_Y0 to X11_Y7
    Info (20265): Estimated peak short left directional wire demand : 0% in region X0_Y0 to X11_Y7
    Info (20265): Estimated peak short up directional wire demand : 0% in region X0_Y0 to X11_Y7
    Info (20265): Estimated peak short down directional wire demand : 0% in region X0_Y0 to X11_Y7
Info (20215): Router estimated peak long high speed interconnect demand : 2% of up directional wire in region X216_Y320 to X227_Y327
    Info (20265): Estimated peak long high speed right directional wire demand : 0% in region X216_Y328 to X227_Y334
    Info (20265): Estimated peak long high speed left directional wire demand : 0% in region X0_Y0 to X11_Y7
    Info (20265): Estimated peak long high speed up directional wire demand : 2% in region X216_Y320 to X227_Y327
    Info (20265): Estimated peak long high speed down directional wire demand : 0% in region X0_Y0 to X11_Y7
    Info (20315): Note that the router may use short wires to implement long connections at higher delay
Info (170239): Router is attempting to preserve 2.63 percent of routes from an earlier compilation, a user specified Routing Constraints File, or internal routing requirements.
Info (11888): Total time spent on timing analysis during Routing is 0.21 seconds.
Info (16607): Fitter routing operations ending: elapsed time is 00:02:38


--------------------------------------
; Global Router Wire Utilization Map ;
--------------------------------------
This report is unavailable in plain text report export.


+-------------------------------------------------------------------------------+
; Peak Wire Demand Summary                                                      ;
+-----------------+-----------+-----------------------------------+-------------+
; Wire            ; Direction ; Grid [(Xmin, Ymin), (Xmax, Ymax)] ; Peak Demand ;
+-----------------+-----------+-----------------------------------+-------------+
; long high speed ; right     ; [(216, 328), (227, 334)]          ; 0.926 %     ;
; long high speed ; up        ; [(216, 320), (227, 327)]          ; 2.083 %     ;
+-----------------+-----------+-----------------------------------+-------------+


+---------------------------------------------------------------------------------------------------------+
; Peak Wire Demand Details                                                                                ;
+-----------------+-----------+-----------------------------------+-------------+-------------------------+
; Wire            ; Direction ; Grid [(Xmin, Ymin), (Xmax, Ymax)] ; Peak Demand ; Net Names               ;
+-----------------+-----------+-----------------------------------+-------------+-------------------------+
; long high speed ; right     ; [(216, 328), (227, 334)]          ; 0.926 %     ;    High Routing Fan-Out ;
;     --          ;           ;                                   ;             ; led_reg                 ;
; long high speed ; right     ; [(216, 328), (227, 334)]          ; 0.926 %     ;    Long Distance        ;
;     --          ;           ;                                   ;             ; led_reg                 ;
; long high speed ; up        ; [(216, 320), (227, 327)]          ; 2.083 %     ;    High Routing Fan-Out ;
;     --          ;           ;                                   ;             ; led_reg                 ;
; long high speed ; up        ; [(216, 320), (227, 327)]          ; 2.083 %     ;    Long Distance        ;
;     --          ;           ;                                   ;             ; led_reg                 ;
+-----------------+-----------+-----------------------------------+-------------+-------------------------+


+---------------------------------+
; Peak Total Grid Crossings       ;
+----------+----------------------+
; Net Name ; Total Grid Crossings ;
+----------+----------------------+
; led_reg  ; 47                   ;
+----------+----------------------+


--------------------------------------------
; Global Router Congestion Hotspot Summary ;
--------------------------------------------
No congestion hotspots found where global router short wire usage exceeded 100%.
If the design is hard to route, use other techniques to analyze congestion. Refer to the Estimated Delay Added for Hold Timing section in the Fitter report and routing utilization in the Chip Planner.


